<?xml version="1.0" encoding="UTF-8"?>
<!-- Generated by org.testng.reporters.JUnitReportReporter -->
<testsuite hostname="LAPTOP-LMHJ1E5F" failures="0" tests="2" name="com.TestAnnotations" time="0.006" errors="0" timestamp="2022-01-15T20:34:37 IST" skipped="0">
  <testcase classname="com.TestAnnotations" name="Test1" time="0.005"/>
  <system-out/>
  <testcase classname="com.TestAnnotations" name="Test2" time="0.001"/>
  <system-out/>
</testsuite> <!-- com.TestAnnotations -->
